<?xml version="1.0" encoding="UTF-8"?>
<testng-results ignored="0" total="2" passed="2" failed="0" skipped="0">
  <reporter-output>
  </reporter-output>
  <suite started-at="2022-10-09T10:24:56 IST" name="Suite" finished-at="2022-10-09T10:25:01 IST" duration-ms="4914">
    <groups>
    </groups>
    <test started-at="2022-10-09T10:24:56 IST" name="Test1" finished-at="2022-10-09T10:24:59 IST" duration-ms="2772">
      <class name="com.cicd.test1">
        <test-method is-config="true" signature="setup()[pri:0, instance:com.cicd.test1@7722c3c3]" started-at="2022-10-09T10:24:56 IST" name="setup" finished-at="2022-10-09T10:24:59 IST" duration-ms="2604" status="PASS">
          <reporter-output>
          </reporter-output>
        </test-method> <!-- setup -->
        <test-method signature="test1()[pri:0, instance:com.cicd.test1@7722c3c3]" started-at="2022-10-09T10:24:59 IST" name="test1" finished-at="2022-10-09T10:24:59 IST" duration-ms="7" status="PASS">
          <reporter-output>
          </reporter-output>
        </test-method> <!-- test1 -->
        <test-method is-config="true" signature="teardown()[pri:0, instance:com.cicd.test1@7722c3c3]" started-at="2022-10-09T10:24:59 IST" name="teardown" finished-at="2022-10-09T10:24:59 IST" duration-ms="133" status="PASS">
          <reporter-output>
          </reporter-output>
        </test-method> <!-- teardown -->
      </class> <!-- com.cicd.test1 -->
    </test> <!-- Test1 -->
    <test started-at="2022-10-09T10:24:59 IST" name="Test2" finished-at="2022-10-09T10:25:01 IST" duration-ms="2124">
      <class name="com.cicd.test2">
        <test-method is-config="true" signature="setup()[pri:0, instance:com.cicd.test2@515aebb0]" started-at="2022-10-09T10:24:59 IST" name="setup" finished-at="2022-10-09T10:25:01 IST" duration-ms="1967" status="PASS">
          <reporter-output>
          </reporter-output>
        </test-method> <!-- setup -->
        <test-method signature="test2()[pri:0, instance:com.cicd.test2@515aebb0]" started-at="2022-10-09T10:25:01 IST" name="test2" finished-at="2022-10-09T10:25:01 IST" duration-ms="6" status="PASS">
          <reporter-output>
          </reporter-output>
        </test-method> <!-- test2 -->
        <test-method is-config="true" signature="teardown()[pri:0, instance:com.cicd.test2@515aebb0]" started-at="2022-10-09T10:25:01 IST" name="teardown" finished-at="2022-10-09T10:25:01 IST" duration-ms="150" status="PASS">
          <reporter-output>
          </reporter-output>
        </test-method> <!-- teardown -->
      </class> <!-- com.cicd.test2 -->
    </test> <!-- Test2 -->
  </suite> <!-- Suite -->
</testng-results>
