<?xml version="1.0" encoding="UTF-8"?>
<testng-results ignored="0" total="2" passed="2" failed="0" skipped="0">
  <reporter-output>
  </reporter-output>
  <suite started-at="2022-10-07T22:50:40 IST" name="Suite" finished-at="2022-10-07T22:50:45 IST" duration-ms="5700">
    <groups>
    </groups>
    <test started-at="2022-10-07T22:50:40 IST" name="Test1" finished-at="2022-10-07T22:50:43 IST" duration-ms="3642">
      <class name="com.cicd.test1">
        <test-method is-config="true" signature="setup()[pri:0, instance:com.cicd.test1@5158b42f]" started-at="2022-10-07T22:50:40 IST" name="setup" finished-at="2022-10-07T22:50:43 IST" duration-ms="3049" status="PASS">
          <reporter-output>
          </reporter-output>
        </test-method> <!-- setup -->
        <test-method signature="test1()[pri:0, instance:com.cicd.test1@5158b42f]" started-at="2022-10-07T22:50:43 IST" name="test1" finished-at="2022-10-07T22:50:43 IST" duration-ms="361" status="PASS">
          <reporter-output>
          </reporter-output>
        </test-method> <!-- test1 -->
        <test-method is-config="true" signature="teardown()[pri:0, instance:com.cicd.test1@5158b42f]" started-at="2022-10-07T22:50:43 IST" name="teardown" finished-at="2022-10-07T22:50:43 IST" duration-ms="187" status="PASS">
          <reporter-output>
          </reporter-output>
        </test-method> <!-- teardown -->
      </class> <!-- com.cicd.test1 -->
    </test> <!-- Test1 -->
    <test started-at="2022-10-07T22:50:43 IST" name="Test2" finished-at="2022-10-07T22:50:45 IST" duration-ms="2019">
      <class name="com.cicd.test2">
        <test-method is-config="true" signature="setup()[pri:0, instance:com.cicd.test2@59474f18]" started-at="2022-10-07T22:50:43 IST" name="setup" finished-at="2022-10-07T22:50:45 IST" duration-ms="1882" status="PASS">
          <reporter-output>
          </reporter-output>
        </test-method> <!-- setup -->
        <test-method signature="test2()[pri:0, instance:com.cicd.test2@59474f18]" started-at="2022-10-07T22:50:45 IST" name="test2" finished-at="2022-10-07T22:50:45 IST" duration-ms="7" status="PASS">
          <reporter-output>
          </reporter-output>
        </test-method> <!-- test2 -->
        <test-method is-config="true" signature="teardown()[pri:0, instance:com.cicd.test2@59474f18]" started-at="2022-10-07T22:50:45 IST" name="teardown" finished-at="2022-10-07T22:50:45 IST" duration-ms="126" status="PASS">
          <reporter-output>
          </reporter-output>
        </test-method> <!-- teardown -->
      </class> <!-- com.cicd.test2 -->
    </test> <!-- Test2 -->
  </suite> <!-- Suite -->
</testng-results>
